android/build/intermediates/manifest_merge_blame_file/debug/manifest-merger-blame-debug-report.txt
1<?xml version="1.0" encoding="utf-8"?>
2<manifest xmlns:android="http://schemas.android.com/apk/res/android"
3    package="io.flutter.plugins.firebasemessaging" >
4
5    <uses-sdk android:minSdkVersion="16" />
5-->src/main/AndroidManifest.xml
6
7    <application>
7-->src/main/AndroidManifest.xml:4:3-14:17
8        <service android:name="io.flutter.plugins.firebasemessaging.FlutterFirebaseMessagingService" >
8-->src/main/AndroidManifest.xml:5:5-9:15
8-->src/main/AndroidManifest.xml:5:14-61
9            <intent-filter>
9-->src/main/AndroidManifest.xml:6:7-8:23
10                <action android:name="com.google.firebase.MESSAGING_EVENT" />
10-->src/main/AndroidManifest.xml:7:9-69
10-->src/main/AndroidManifest.xml:7:17-67
11            </intent-filter>
12        </service>
13        <service android:name="com.google.firebase.components.ComponentDiscoveryService" >
13-->src/main/AndroidManifest.xml:10:5-13:15
13-->src/main/AndroidManifest.xml:10:14-85
14            <meta-data
14-->src/main/AndroidManifest.xml:11:7-12:86
15                android:name="com.google.firebase.components:io.flutter.plugins.firebasemessaging.FlutterFirebaseAppRegistrar"
15-->src/main/AndroidManifest.xml:11:18-128
16                android:value="com.google.firebase.components.ComponentRegistrar" />
16-->src/main/AndroidManifest.xml:12:18-83
17        </service>
18    </application>
19
20</manifest>